<?xml version='1.0' encoding='utf-8'?>
<!DOCTYPE coverage SYSTEM 'http://cobertura.sourceforge.net/xml/coverage-04.dtd'>
<coverage line-rate="0.8181818181818182" branch-rate="0.5" lines-covered="9" lines-valid="11" branches-covered="2" branches-valid="4" complexity="0.0" timestamp="1773835003" version="gcovr 8.6"><sources><source>E:/Projects/sonar-quaity-gate-poc/cpp-service</source></sources><packages><package name="src" line-rate="1.0" branch-rate="1.0" complexity="0.0"><classes><class name="math_cpp" filename="src/math.cpp" line-rate="1.0" branch-rate="1.0" complexity="0.0"><methods><method name="add" signature="(int, int)" line-rate="1.0" branch-rate="1.0" complexity="0.0"><lines><line number="3" hits="2" branch="false"/><line number="4" hits="2" branch="false"/></lines></method></methods><lines><line number="3" hits="2" branch="false"/><line number="4" hits="2" branch="false"/></lines></class></classes></package><package name="tests" line-rate="0.7777777777777778" branch-rate="0.5" complexity="0.0"><classes><class name="test_cpp" filename="tests/test.cpp" line-rate="0.7777777777777778" branch-rate="0.5" complexity="0.0"><methods><method name="main" signature="" line-rate="0.7777777777777778" branch-rate="0.5" complexity="0.0"><lines><line number="6" hits="1" branch="false"/><line number="7" hits="1" branch="false"/><line number="9" hits="1" branch="true" condition-coverage="50% (1/2)"><conditions><condition number="0" type="jump" coverage="50%"/></conditions></line><line number="10" hits="1" branch="false"/><line number="12" hits="0" branch="false"/><line number="15" hits="1" branch="true" condition-coverage="50% (1/2)"><conditions><condition number="0" type="jump" coverage="50%"/></conditions></line><line number="16" hits="1" branch="false"/><line number="18" hits="0" branch="false"/><line number="21" hits="1" branch="false"/></lines></method></methods><lines><line number="6" hits="1" branch="false"/><line number="7" hits="1" branch="false"/><line number="9" hits="1" branch="true" condition-coverage="50% (1/2)"><conditions><condition number="0" type="jump" coverage="50%"/></conditions></line><line number="10" hits="1" branch="false"/><line number="12" hits="0" branch="false"/><line number="15" hits="1" branch="true" condition-coverage="50% (1/2)"><conditions><condition number="0" type="jump" coverage="50%"/></conditions></line><line number="16" hits="1" branch="false"/><line number="18" hits="0" branch="false"/><line number="21" hits="1" branch="false"/></lines></class></classes></package></packages></coverage>